<?xml version="1.0" encoding="UTF-8"?>
<!-- Generated by org.testng.reporters.JUnitReportReporter -->
<testsuite hostname="DESKTOP-43OTTAV" name="AmericanCapitalTestScripts.ValidateHomePage" tests="2" failures="0" timestamp="23 Apr 2020 12:59:11 GMT" time="0.030" errors="0">
  <testcase name="ValidateURL" time="0.012" classname="AmericanCapitalTestScripts.ValidateHomePage"/>
  <testcase name="ValidateTitle" time="0.018" classname="AmericanCapitalTestScripts.ValidateHomePage"/>
</testsuite> <!-- AmericanCapitalTestScripts.ValidateHomePage -->
