<?xml version="1.0" encoding="UTF-8"?>
<!-- Generated by org.testng.reporters.JUnitReportReporter -->
<testsuite hostname="DESKTOP-43OTTAV" name="AmericanCapitalTestScripts.AboutUs" tests="1" failures="0" timestamp="23 Apr 2020 12:54:51 GMT" time="1.130" errors="0">
  <testcase name="ValidateAboutU" time="1.130" classname="AmericanCapitalTestScripts.AboutUs"/>
</testsuite> <!-- AmericanCapitalTestScripts.AboutUs -->
